Using pre-set license
Built from '2021.3/staging' branch; Version is '2021.3.6f1 (7da38d85baf6) revision 8233869'; Using compiler version '192829333'; Build Type 'Release'
OS: 'Windows 10  (10.0.19044) 64bit Education' Language: 'pl' Physical Memory: 32633 MB
BatchMode: 1, IsHumanControllingUs: 0, StartBugReporterOnCrash: 0, Is64bit: 1, IsPro: 1

COMMAND LINE ARGUMENTS:
C:\Program Files\Unity 2021.3.6f1\Editor\Unity.exe
-adb2
-batchMode
-noUpm
-name
AssetImportWorker2
-projectPath
C:/Users/ksnuszka/ui
-logFile
Logs/AssetImportWorker2.log
-srvPort
65095
Successfully changed project path to: C:/Users/ksnuszka/ui
C:/Users/ksnuszka/ui
[UnityMemory] Configuration Parameters - Can be set up in boot.config
    "memorysetup-bucket-allocator-granularity=16"
    "memorysetup-bucket-allocator-bucket-count=8"
    "memorysetup-bucket-allocator-block-size=33554432"
    "memorysetup-bucket-allocator-block-count=8"
    "memorysetup-main-allocator-block-size=16777216"
    "memorysetup-thread-allocator-block-size=16777216"
    "memorysetup-gfx-main-allocator-block-size=16777216"
    "memorysetup-gfx-thread-allocator-block-size=16777216"
    "memorysetup-cache-allocator-block-size=4194304"
    "memorysetup-typetree-allocator-block-size=2097152"
    "memorysetup-profiler-bucket-allocator-granularity=16"
    "memorysetup-profiler-bucket-allocator-bucket-count=8"
    "memorysetup-profiler-bucket-allocator-block-size=33554432"
    "memorysetup-profiler-bucket-allocator-block-count=8"
    "memorysetup-profiler-allocator-block-size=16777216"
    "memorysetup-profiler-editor-allocator-block-size=1048576"
    "memorysetup-temp-allocator-size-main=16777216"
    "memorysetup-job-temp-allocator-block-size=2097152"
    "memorysetup-job-temp-allocator-block-size-background=1048576"
    "memorysetup-job-temp-allocator-reduction-small-platforms=262144"
    "memorysetup-temp-allocator-size-background-worker=32768"
    "memorysetup-temp-allocator-size-job-worker=262144"
    "memorysetup-temp-allocator-size-preload-manager=33554432"
    "memorysetup-temp-allocator-size-nav-mesh-worker=65536"
    "memorysetup-temp-allocator-size-audio-worker=65536"
    "memorysetup-temp-allocator-size-cloud-worker=32768"
    "memorysetup-temp-allocator-size-gi-baking-worker=262144"
    "memorysetup-temp-allocator-size-gfx=262144"
Refreshing native plugins compatible for Editor in 63.82 ms, found 3 plugins.
Preloading 0 native plugins for Editor in 0.00 ms.
Initialize engine version: 2021.3.6f1 (7da38d85baf6)
[Subsystems] Discovering subsystems at path C:/Program Files/Unity 2021.3.6f1/Editor/Data/Resources/UnitySubsystems
[Subsystems] Discovering subsystems at path C:/Users/ksnuszka/ui/Assets
GfxDevice: creating device client; threaded=0; jobified=0
Direct3D:
    Version:  Direct3D 11.0 [level 11.1]
    Renderer: NVIDIA GeForce RTX 3080 Ti (ID=0x2208)
    Vendor:   NVIDIA
    VRAM:     12108 MB
    Driver:   31.0.15.1694
Initialize mono
Mono path[0] = 'C:/Program Files/Unity 2021.3.6f1/Editor/Data/Managed'
Mono path[1] = 'C:/Program Files/Unity 2021.3.6f1/Editor/Data/MonoBleedingEdge/lib/mono/unityjit-win32'
Mono config path = 'C:/Program Files/Unity 2021.3.6f1/Editor/Data/MonoBleedingEdge/etc'
Using monoOptions --debugger-agent=transport=dt_socket,embedding=1,server=y,suspend=n,address=127.0.0.1:56032
Begin MonoManager ReloadAssembly
Registering precompiled unity dll's ...
Register platform support module: C:/Program Files/Unity 2021.3.6f1/Editor/Data/PlaybackEngines/WindowsStandaloneSupport/UnityEditor.WindowsStandalone.Extensions.dll
Registered in 0.003715 seconds.
Native extension for WindowsStandalone target not found
Refreshing native plugins compatible for Editor in 59.47 ms, found 3 plugins.
Preloading 0 native plugins for Editor in 0.00 ms.
Mono: successfully reloaded assembly
- Completed reload, in  0.469 seconds
Domain Reload Profiling:
	ReloadAssembly (469ms)
		BeginReloadAssembly (58ms)
			ExecutionOrderSort (0ms)
			DisableScriptedObjects (0ms)
			BackupInstance (0ms)
			ReleaseScriptingObjects (0ms)
			CreateAndSetChildDomain (1ms)
		EndReloadAssembly (334ms)
			LoadAssemblies (56ms)
			RebuildTransferFunctionScriptingTraits (0ms)
			SetupTypeCache (71ms)
			ReleaseScriptCaches (0ms)
			RebuildScriptCaches (25ms)
			SetupLoadedEditorAssemblies (198ms)
				LogAssemblyErrors (0ms)
				InitializePlatformSupportModulesInManaged (6ms)
				SetLoadedEditorAssemblies (0ms)
				RefreshPlugins (60ms)
				BeforeProcessingInitializeOnLoad (1ms)
				ProcessInitializeOnLoadAttributes (99ms)
				ProcessInitializeOnLoadMethodAttributes (33ms)
				AfterProcessingInitializeOnLoad (0ms)
				EditorAssembliesLoaded (0ms)
			ExecutionOrderSort2 (0ms)
			AwakeInstancesAfterBackupRestoration (0ms)
Platform modules already initialized, skipping
Registering precompiled user dll's ...
Registered in 0.003645 seconds.
Begin MonoManager ReloadAssembly
Symbol file LoadedFromMemory doesn't match image C:\Users\ksnuszka\ui\Library\PackageCache\com.unity.visualscripting@1.7.8\Editor\VisualScripting.Core\Dependencies\YamlDotNet\Unity.VisualScripting.YamlDotNet.dll
Symbol file LoadedFromMemory doesn't match image C:\Users\ksnuszka\ui\Library\PackageCache\com.unity.visualscripting@1.7.8\Editor\VisualScripting.Core\Dependencies\DotNetZip\Unity.VisualScripting.IonicZip.dll
Native extension for WindowsStandalone target not found
Refreshing native plugins compatible for Editor in 0.48 ms, found 3 plugins.
Preloading 0 native plugins for Editor in 0.00 ms.
Mono: successfully reloaded assembly
- Completed reload, in  1.233 seconds
Domain Reload Profiling:
	ReloadAssembly (1234ms)
		BeginReloadAssembly (85ms)
			ExecutionOrderSort (0ms)
			DisableScriptedObjects (5ms)
			BackupInstance (0ms)
			ReleaseScriptingObjects (0ms)
			CreateAndSetChildDomain (13ms)
		EndReloadAssembly (1065ms)
			LoadAssemblies (545ms)
			RebuildTransferFunctionScriptingTraits (0ms)
			SetupTypeCache (190ms)
			ReleaseScriptCaches (0ms)
			RebuildScriptCaches (43ms)
			SetupLoadedEditorAssemblies (239ms)
				LogAssemblyErrors (0ms)
				InitializePlatformSupportModulesInManaged (4ms)
				SetLoadedEditorAssemblies (0ms)
				RefreshPlugins (1ms)
				BeforeProcessingInitializeOnLoad (57ms)
				ProcessInitializeOnLoadAttributes (154ms)
				ProcessInitializeOnLoadMethodAttributes (19ms)
				AfterProcessingInitializeOnLoad (4ms)
				EditorAssembliesLoaded (0ms)
			ExecutionOrderSort2 (0ms)
			AwakeInstancesAfterBackupRestoration (5ms)
Platform modules already initialized, skipping
========================================================================
Worker process is ready to serve import requests
Launched and connected shader compiler UnityShaderCompiler.exe after 0.03 seconds
Refreshing native plugins compatible for Editor in 0.64 ms, found 3 plugins.
Preloading 0 native plugins for Editor in 0.00 ms.
Unloading 3381 Unused Serialized files (Serialized files now loaded: 0)
Unloading 27 unused Assets / (111.7 KB). Loaded Objects now: 3839.
Memory consumption went from 118.2 MB to 118.0 MB.
Total: 3.358300 ms (FindLiveObjects: 0.285100 ms CreateObjectMapping: 0.187900 ms MarkObjects: 2.766700 ms  DeleteObjects: 0.117400 ms)

AssetImportParameters requested are different than current active one (requested -> active):
  custom:video-decoder-ogg-theora: a1e56fd34408186e4bbccfd4996cb3dc -> 
  custom:container-muxer-webm: aa71ff27fc2769a1b78a27578f13a17b -> 
  custom:container-demuxer-webm: 4f35f7cbe854078d1ac9338744f61a02 -> 
  custom:video-encoder-webm-vp8: eb34c28f22e8b96e1ab97ce403110664 -> 
  custom:audio-encoder-webm-vorbis: bf7c407c2cedff20999df2af8eb42d56 -> 
  custom:framework-win-MediaFoundation: 216162199b28c13a410421893ffa2e32 -> 
  custom:container-demuxer-ogg: 62fdf1f143b41e24485cea50d1cbac27 -> 
  custom:video-decoder-webm-vp8: 9c59270c3fd7afecdb556c50c9e8de78 -> 
  custom:audio-decoder-ogg-vorbis: bf7c407c2cedff20999df2af8eb42d56 -> 
========================================================================
Received Import Request.
  Time since last request: 8999.322620 seconds.
  path: Assets/1Skill.png
  artifactKey: Guid(706994cd63ee08740a54c8faae4e39b6) Importer(815301076,1909f56bfc062723c751e8b465ee728b)
Start importing Assets/1Skill.png using Guid(706994cd63ee08740a54c8faae4e39b6) Importer(815301076,1909f56bfc062723c751e8b465ee728b)  -> (artifact id: '6b171644ac6360316f25b951ff3ccda5') in 0.075285 seconds 
========================================================================
Received Import Request.
  Time since last request: 5.681714 seconds.
  path: Assets/2skill.png
  artifactKey: Guid(d7b3f77dec076d14d97948798d309172) Importer(815301076,1909f56bfc062723c751e8b465ee728b)
Start importing Assets/2skill.png using Guid(d7b3f77dec076d14d97948798d309172) Importer(815301076,1909f56bfc062723c751e8b465ee728b)  -> (artifact id: '526866e0e33c8d08d440f5ad59752e0b') in 0.014215 seconds 
========================================================================
Received Import Request.
  Time since last request: 4.698546 seconds.
  path: Assets/3skill.png
  artifactKey: Guid(75f4f99f29c6e4f4f949a306cdf2a0b0) Importer(815301076,1909f56bfc062723c751e8b465ee728b)
Start importing Assets/3skill.png using Guid(75f4f99f29c6e4f4f949a306cdf2a0b0) Importer(815301076,1909f56bfc062723c751e8b465ee728b)  -> (artifact id: '45bd601517c8cf55c22596c09c428e9b') in 0.015526 seconds 
========================================================================
Received Import Request.
  Time since last request: 5.928717 seconds.
  path: Assets/4skill.png
  artifactKey: Guid(2afbc28b7b0d8ae42ac98fa22a77c491) Importer(815301076,1909f56bfc062723c751e8b465ee728b)
Start importing Assets/4skill.png using Guid(2afbc28b7b0d8ae42ac98fa22a77c491) Importer(815301076,1909f56bfc062723c751e8b465ee728b)  -> (artifact id: 'f7e3311beed352427d04358a74558d7b') in 0.014422 seconds 
========================================================================
Received Import Request.
  Time since last request: 3.320182 seconds.
  path: Assets/5skill.png
  artifactKey: Guid(78ee91a49d19fe34a8f4b37ef2952342) Importer(815301076,1909f56bfc062723c751e8b465ee728b)
Start importing Assets/5skill.png using Guid(78ee91a49d19fe34a8f4b37ef2952342) Importer(815301076,1909f56bfc062723c751e8b465ee728b)  -> (artifact id: '27d27fe2331dde293c9c27b07f91cff4') in 0.014263 seconds 
========================================================================
Received Import Request.
  Time since last request: 5.620797 seconds.
  path: Assets/6skill.png
  artifactKey: Guid(b49ae941ea827a64684c5cb293360d77) Importer(815301076,1909f56bfc062723c751e8b465ee728b)
Start importing Assets/6skill.png using Guid(b49ae941ea827a64684c5cb293360d77) Importer(815301076,1909f56bfc062723c751e8b465ee728b)  -> (artifact id: '98fa504747bc4315e70f6b76e65e5199') in 0.014205 seconds 
========================================================================
Received Import Request.
  Time since last request: 5.510089 seconds.
  path: Assets/menu1.png
  artifactKey: Guid(c7a58e8583eb41b419a6227763a47056) Importer(815301076,1909f56bfc062723c751e8b465ee728b)
Start importing Assets/menu1.png using Guid(c7a58e8583eb41b419a6227763a47056) Importer(815301076,1909f56bfc062723c751e8b465ee728b)  -> (artifact id: '9a8c676b8e53a22ec2939c7b87696842') in 0.010759 seconds 
========================================================================
Received Import Request.
  Time since last request: 7.720944 seconds.
  path: Assets/menu2.png
  artifactKey: Guid(91700e61ac2a607488447afa79d2d8b5) Importer(815301076,1909f56bfc062723c751e8b465ee728b)
Start importing Assets/menu2.png using Guid(91700e61ac2a607488447afa79d2d8b5) Importer(815301076,1909f56bfc062723c751e8b465ee728b)  -> (artifact id: '3c200d06c3c92f3b5b2ab2f4e72abf20') in 0.010521 seconds 
========================================================================
Received Import Request.
  Time since last request: 4.129287 seconds.
  path: Assets/menu3.png
  artifactKey: Guid(77b5a04f7e4bf5145a7d3f43cf5a0848) Importer(815301076,1909f56bfc062723c751e8b465ee728b)
Start importing Assets/menu3.png using Guid(77b5a04f7e4bf5145a7d3f43cf5a0848) Importer(815301076,1909f56bfc062723c751e8b465ee728b)  -> (artifact id: 'a289dc8446792a464767b22c3f37fd5c') in 0.012025 seconds 
========================================================================
Received Import Request.
  Time since last request: 5.152135 seconds.
  path: Assets/menu4.png
  artifactKey: Guid(9ff6ef9b5fd7e1344a28eb361aaefee5) Importer(815301076,1909f56bfc062723c751e8b465ee728b)
Start importing Assets/menu4.png using Guid(9ff6ef9b5fd7e1344a28eb361aaefee5) Importer(815301076,1909f56bfc062723c751e8b465ee728b)  -> (artifact id: '2ce9080802bdf5bdae08695c1c97f309') in 0.010179 seconds 
========================================================================
Received Import Request.
  Time since last request: 4.285287 seconds.
  path: Assets/potion.png
  artifactKey: Guid(bbc9e6cd9f2d73c40972e06b5a7c73f6) Importer(815301076,1909f56bfc062723c751e8b465ee728b)
Start importing Assets/potion.png using Guid(bbc9e6cd9f2d73c40972e06b5a7c73f6) Importer(815301076,1909f56bfc062723c751e8b465ee728b)  -> (artifact id: '6485cf707ee0997972af6c1b78e342fb') in 0.014140 seconds 
========================================================================
Received Import Request.
  Time since last request: 4.141884 seconds.
  path: Assets/teleport.png
  artifactKey: Guid(89b5baf603a3f824da5d961c7ed989ad) Importer(815301076,1909f56bfc062723c751e8b465ee728b)
Start importing Assets/teleport.png using Guid(89b5baf603a3f824da5d961c7ed989ad) Importer(815301076,1909f56bfc062723c751e8b465ee728b)  -> (artifact id: '7a9e0b98860807c08d8be8a1e327bb02') in 0.012660 seconds 
========================================================================
Received Import Request.
  Time since last request: 663.027733 seconds.
  path: Assets/LPM.png
  artifactKey: Guid(22fdf5a93b3a5b6459234ee3323279c1) Importer(815301076,1909f56bfc062723c751e8b465ee728b)
Start importing Assets/LPM.png using Guid(22fdf5a93b3a5b6459234ee3323279c1) Importer(815301076,1909f56bfc062723c751e8b465ee728b)  -> (artifact id: '19d6f0f7609c0f99be9f13781c7b3c65') in 0.007850 seconds 
========================================================================
Received Import Request.
  Time since last request: 7.650745 seconds.
  path: Assets/LPM.png
  artifactKey: Guid(22fdf5a93b3a5b6459234ee3323279c1) Importer(815301076,1909f56bfc062723c751e8b465ee728b)
Start importing Assets/LPM.png using Guid(22fdf5a93b3a5b6459234ee3323279c1) Importer(815301076,1909f56bfc062723c751e8b465ee728b)  -> (artifact id: '68d47ad12763934f817b009e24835906') in 0.008753 seconds 
========================================================================
Received Import Request.
  Time since last request: 6.158273 seconds.
  path: Assets/PPM.png
  artifactKey: Guid(ea9dc71503fad454d8074c3be2c13476) Importer(815301076,1909f56bfc062723c751e8b465ee728b)
Start importing Assets/PPM.png using Guid(ea9dc71503fad454d8074c3be2c13476) Importer(815301076,1909f56bfc062723c751e8b465ee728b)  -> (artifact id: 'f11a33fcc16e2da9bd5a5b818266c7bf') in 0.011102 seconds 
