Using pre-set license
Built from '2021.3/staging' branch; Version is '2021.3.6f1 (7da38d85baf6) revision 8233869'; Using compiler version '192829333'; Build Type 'Release'
OS: 'Windows 10  (10.0.19044) 64bit Education' Language: 'pl' Physical Memory: 32633 MB
BatchMode: 1, IsHumanControllingUs: 0, StartBugReporterOnCrash: 0, Is64bit: 1, IsPro: 1

COMMAND LINE ARGUMENTS:
C:\Program Files\Unity 2021.3.6f1\Editor\Unity.exe
-adb2
-batchMode
-noUpm
-name
AssetImportWorker0
-projectPath
C:/Users/ksnuszka/ui
-logFile
Logs/AssetImportWorker0.log
-srvPort
65095
Successfully changed project path to: C:/Users/ksnuszka/ui
C:/Users/ksnuszka/ui
[UnityMemory] Configuration Parameters - Can be set up in boot.config
    "memorysetup-bucket-allocator-granularity=16"
    "memorysetup-bucket-allocator-bucket-count=8"
    "memorysetup-bucket-allocator-block-size=33554432"
    "memorysetup-bucket-allocator-block-count=8"
    "memorysetup-main-allocator-block-size=16777216"
    "memorysetup-thread-allocator-block-size=16777216"
    "memorysetup-gfx-main-allocator-block-size=16777216"
    "memorysetup-gfx-thread-allocator-block-size=16777216"
    "memorysetup-cache-allocator-block-size=4194304"
    "memorysetup-typetree-allocator-block-size=2097152"
    "memorysetup-profiler-bucket-allocator-granularity=16"
    "memorysetup-profiler-bucket-allocator-bucket-count=8"
    "memorysetup-profiler-bucket-allocator-block-size=33554432"
    "memorysetup-profiler-bucket-allocator-block-count=8"
    "memorysetup-profiler-allocator-block-size=16777216"
    "memorysetup-profiler-editor-allocator-block-size=1048576"
    "memorysetup-temp-allocator-size-main=16777216"
    "memorysetup-job-temp-allocator-block-size=2097152"
    "memorysetup-job-temp-allocator-block-size-background=1048576"
    "memorysetup-job-temp-allocator-reduction-small-platforms=262144"
    "memorysetup-temp-allocator-size-background-worker=32768"
    "memorysetup-temp-allocator-size-job-worker=262144"
    "memorysetup-temp-allocator-size-preload-manager=33554432"
    "memorysetup-temp-allocator-size-nav-mesh-worker=65536"
    "memorysetup-temp-allocator-size-audio-worker=65536"
    "memorysetup-temp-allocator-size-cloud-worker=32768"
    "memorysetup-temp-allocator-size-gi-baking-worker=262144"
    "memorysetup-temp-allocator-size-gfx=262144"
Refreshing native plugins compatible for Editor in 57.02 ms, found 3 plugins.
Preloading 0 native plugins for Editor in 0.00 ms.
Initialize engine version: 2021.3.6f1 (7da38d85baf6)
[Subsystems] Discovering subsystems at path C:/Program Files/Unity 2021.3.6f1/Editor/Data/Resources/UnitySubsystems
[Subsystems] Discovering subsystems at path C:/Users/ksnuszka/ui/Assets
GfxDevice: creating device client; threaded=0; jobified=0
Direct3D:
    Version:  Direct3D 11.0 [level 11.1]
    Renderer: NVIDIA GeForce RTX 3080 Ti (ID=0x2208)
    Vendor:   NVIDIA
    VRAM:     12108 MB
    Driver:   31.0.15.1694
Initialize mono
Mono path[0] = 'C:/Program Files/Unity 2021.3.6f1/Editor/Data/Managed'
Mono path[1] = 'C:/Program Files/Unity 2021.3.6f1/Editor/Data/MonoBleedingEdge/lib/mono/unityjit-win32'
Mono config path = 'C:/Program Files/Unity 2021.3.6f1/Editor/Data/MonoBleedingEdge/etc'
Using monoOptions --debugger-agent=transport=dt_socket,embedding=1,server=y,suspend=n,address=127.0.0.1:56840
Begin MonoManager ReloadAssembly
Registering precompiled unity dll's ...
Register platform support module: C:/Program Files/Unity 2021.3.6f1/Editor/Data/PlaybackEngines/WindowsStandaloneSupport/UnityEditor.WindowsStandalone.Extensions.dll
Registered in 0.002089 seconds.
Native extension for WindowsStandalone target not found
Refreshing native plugins compatible for Editor in 54.18 ms, found 3 plugins.
Preloading 0 native plugins for Editor in 0.00 ms.
Mono: successfully reloaded assembly
- Completed reload, in  0.422 seconds
Domain Reload Profiling:
	ReloadAssembly (422ms)
		BeginReloadAssembly (46ms)
			ExecutionOrderSort (0ms)
			DisableScriptedObjects (0ms)
			BackupInstance (0ms)
			ReleaseScriptingObjects (0ms)
			CreateAndSetChildDomain (1ms)
		EndReloadAssembly (307ms)
			LoadAssemblies (45ms)
			RebuildTransferFunctionScriptingTraits (0ms)
			SetupTypeCache (70ms)
			ReleaseScriptCaches (0ms)
			RebuildScriptCaches (23ms)
			SetupLoadedEditorAssemblies (180ms)
				LogAssemblyErrors (0ms)
				InitializePlatformSupportModulesInManaged (5ms)
				SetLoadedEditorAssemblies (0ms)
				RefreshPlugins (54ms)
				BeforeProcessingInitializeOnLoad (1ms)
				ProcessInitializeOnLoadAttributes (91ms)
				ProcessInitializeOnLoadMethodAttributes (29ms)
				AfterProcessingInitializeOnLoad (0ms)
				EditorAssembliesLoaded (0ms)
			ExecutionOrderSort2 (0ms)
			AwakeInstancesAfterBackupRestoration (0ms)
Platform modules already initialized, skipping
Registering precompiled user dll's ...
Registered in 0.003096 seconds.
Begin MonoManager ReloadAssembly
Symbol file LoadedFromMemory doesn't match image C:\Users\ksnuszka\ui\Library\PackageCache\com.unity.visualscripting@1.7.8\Editor\VisualScripting.Core\Dependencies\YamlDotNet\Unity.VisualScripting.YamlDotNet.dll
Symbol file LoadedFromMemory doesn't match image C:\Users\ksnuszka\ui\Library\PackageCache\com.unity.visualscripting@1.7.8\Editor\VisualScripting.Core\Dependencies\DotNetZip\Unity.VisualScripting.IonicZip.dll
Native extension for WindowsStandalone target not found
Refreshing native plugins compatible for Editor in 0.38 ms, found 3 plugins.
Preloading 0 native plugins for Editor in 0.00 ms.
Mono: successfully reloaded assembly
- Completed reload, in  0.705 seconds
Domain Reload Profiling:
	ReloadAssembly (706ms)
		BeginReloadAssembly (77ms)
			ExecutionOrderSort (0ms)
			DisableScriptedObjects (4ms)
			BackupInstance (0ms)
			ReleaseScriptingObjects (0ms)
			CreateAndSetChildDomain (13ms)
		EndReloadAssembly (550ms)
			LoadAssemblies (46ms)
			RebuildTransferFunctionScriptingTraits (0ms)
			SetupTypeCache (172ms)
			ReleaseScriptCaches (0ms)
			RebuildScriptCaches (44ms)
			SetupLoadedEditorAssemblies (248ms)
				LogAssemblyErrors (0ms)
				InitializePlatformSupportModulesInManaged (3ms)
				SetLoadedEditorAssemblies (0ms)
				RefreshPlugins (0ms)
				BeforeProcessingInitializeOnLoad (60ms)
				ProcessInitializeOnLoadAttributes (163ms)
				ProcessInitializeOnLoadMethodAttributes (18ms)
				AfterProcessingInitializeOnLoad (4ms)
				EditorAssembliesLoaded (0ms)
			ExecutionOrderSort2 (0ms)
			AwakeInstancesAfterBackupRestoration (4ms)
Platform modules already initialized, skipping
========================================================================
Worker process is ready to serve import requests
Launched and connected shader compiler UnityShaderCompiler.exe after 0.03 seconds
Refreshing native plugins compatible for Editor in 0.41 ms, found 3 plugins.
Preloading 0 native plugins for Editor in 0.00 ms.
Unloading 3368 Unused Serialized files (Serialized files now loaded: 0)
Unloading 27 unused Assets / (111.0 KB). Loaded Objects now: 3825.
Memory consumption went from 115.9 MB to 115.8 MB.
Total: 2.548500 ms (FindLiveObjects: 0.310000 ms CreateObjectMapping: 0.187600 ms MarkObjects: 1.962100 ms  DeleteObjects: 0.087800 ms)

AssetImportParameters requested are different than current active one (requested -> active):
  custom:video-decoder-ogg-theora: a1e56fd34408186e4bbccfd4996cb3dc -> 
  custom:container-muxer-webm: aa71ff27fc2769a1b78a27578f13a17b -> 
  custom:container-demuxer-webm: 4f35f7cbe854078d1ac9338744f61a02 -> 
  custom:video-encoder-webm-vp8: eb34c28f22e8b96e1ab97ce403110664 -> 
  custom:audio-encoder-webm-vorbis: bf7c407c2cedff20999df2af8eb42d56 -> 
  custom:framework-win-MediaFoundation: 216162199b28c13a410421893ffa2e32 -> 
  custom:container-demuxer-ogg: 62fdf1f143b41e24485cea50d1cbac27 -> 
  custom:video-decoder-webm-vp8: 9c59270c3fd7afecdb556c50c9e8de78 -> 
  custom:audio-decoder-ogg-vorbis: bf7c407c2cedff20999df2af8eb42d56 -> 
========================================================================
Received Import Request.
  Time since last request: 2716.949789 seconds.
  path: Assets/D3UI.png
  artifactKey: Guid(9f94fc72c23779648afe15d3e3ec80fb) Importer(815301076,1909f56bfc062723c751e8b465ee728b)
Start importing Assets/D3UI.png using Guid(9f94fc72c23779648afe15d3e3ec80fb) Importer(815301076,1909f56bfc062723c751e8b465ee728b)  -> (artifact id: '9def41bacee194cd27aab3a5b745fa8a') in 0.089700 seconds 
========================================================================
Received Import Request.
  Time since last request: 53.838264 seconds.
  path: Assets/D3UI.png
  artifactKey: Guid(9f94fc72c23779648afe15d3e3ec80fb) Importer(815301076,1909f56bfc062723c751e8b465ee728b)
Start importing Assets/D3UI.png using Guid(9f94fc72c23779648afe15d3e3ec80fb) Importer(815301076,1909f56bfc062723c751e8b465ee728b)  -> (artifact id: '76d02d8c5b28d4047b16f6a473b95227') in 0.085357 seconds 
========================================================================
Received Import Request.
  Time since last request: 4438.726384 seconds.
  path: Assets/healthfill-removebg-preview.png
  artifactKey: Guid(3c0143dba693cf245b3efda0800feb0d) Importer(815301076,1909f56bfc062723c751e8b465ee728b)
Start importing Assets/healthfill-removebg-preview.png using Guid(3c0143dba693cf245b3efda0800feb0d) Importer(815301076,1909f56bfc062723c751e8b465ee728b)  -> (artifact id: 'f6fb15c16083701ec1254889ce49b762') in 0.009135 seconds 
========================================================================
Received Import Request.
  Time since last request: 9.432691 seconds.
  path: Assets/healthfill-removebg-preview.png
  artifactKey: Guid(3c0143dba693cf245b3efda0800feb0d) Importer(815301076,1909f56bfc062723c751e8b465ee728b)
Start importing Assets/healthfill-removebg-preview.png using Guid(3c0143dba693cf245b3efda0800feb0d) Importer(815301076,1909f56bfc062723c751e8b465ee728b)  -> (artifact id: 'aa0ec438e2912631c6c321923bff1bc3') in 0.015692 seconds 
========================================================================
Received Import Request.
  Time since last request: 11.252799 seconds.
  path: Assets/healthFrame-removebg-preview.png
  artifactKey: Guid(9e8950fe1a6087f4ea0340c1c8a3a50a) Importer(815301076,1909f56bfc062723c751e8b465ee728b)
Start importing Assets/healthFrame-removebg-preview.png using Guid(9e8950fe1a6087f4ea0340c1c8a3a50a) Importer(815301076,1909f56bfc062723c751e8b465ee728b)  -> (artifact id: '85ec856b579301133985a95ae6c60829') in 0.012126 seconds 
========================================================================
Received Import Request.
  Time since last request: 600.394157 seconds.
  path: Assets/fill-removebg-preview.png
  artifactKey: Guid(fab1461a0c18ad34b9a4cc597fa25a21) Importer(815301076,1909f56bfc062723c751e8b465ee728b)
Start importing Assets/fill-removebg-preview.png using Guid(fab1461a0c18ad34b9a4cc597fa25a21) Importer(815301076,1909f56bfc062723c751e8b465ee728b)  -> (artifact id: '8ab3c1eaff16b28b19c5691e983c331c') in 0.007044 seconds 
========================================================================
Received Import Request.
  Time since last request: 8.958301 seconds.
  path: Assets/fill-removebg-preview.png
  artifactKey: Guid(fab1461a0c18ad34b9a4cc597fa25a21) Importer(815301076,1909f56bfc062723c751e8b465ee728b)
Start importing Assets/fill-removebg-preview.png using Guid(fab1461a0c18ad34b9a4cc597fa25a21) Importer(815301076,1909f56bfc062723c751e8b465ee728b)  -> (artifact id: '3210fa50053bdd180f4857f6b8d29478') in 0.015118 seconds 
========================================================================
Received Import Request.
  Time since last request: 477.369707 seconds.
  path: Assets/white.png
  artifactKey: Guid(df1fd28f954608146a720068226fd6e8) Importer(815301076,1909f56bfc062723c751e8b465ee728b)
Start importing Assets/white.png using Guid(df1fd28f954608146a720068226fd6e8) Importer(815301076,1909f56bfc062723c751e8b465ee728b)  -> (artifact id: '0247db0af3fb0c94501c9562d5e5107a') in 0.006684 seconds 
========================================================================
Received Import Request.
  Time since last request: 20.303795 seconds.
  path: Assets/white.png
  artifactKey: Guid(df1fd28f954608146a720068226fd6e8) Importer(815301076,1909f56bfc062723c751e8b465ee728b)
Start importing Assets/white.png using Guid(df1fd28f954608146a720068226fd6e8) Importer(815301076,1909f56bfc062723c751e8b465ee728b)  -> (artifact id: 'b798ca6b81e8f0cca73e2727bbd3ab3c') in 0.007641 seconds 
========================================================================
Received Import Request.
  Time since last request: 655.295038 seconds.
  path: Assets/1Skill.png
  artifactKey: Guid(706994cd63ee08740a54c8faae4e39b6) Importer(815301076,1909f56bfc062723c751e8b465ee728b)
Start importing Assets/1Skill.png using Guid(706994cd63ee08740a54c8faae4e39b6) Importer(815301076,1909f56bfc062723c751e8b465ee728b)  -> (artifact id: '56953070f783d06247bc365cb0997b9f') in 0.009202 seconds 
========================================================================
Received Import Request.
  Time since last request: 0.000033 seconds.
  path: Assets/5skill.png
  artifactKey: Guid(78ee91a49d19fe34a8f4b37ef2952342) Importer(815301076,1909f56bfc062723c751e8b465ee728b)
Start importing Assets/5skill.png using Guid(78ee91a49d19fe34a8f4b37ef2952342) Importer(815301076,1909f56bfc062723c751e8b465ee728b)  -> (artifact id: '98abc2a2f3897694a0b593dfd0a335d7') in 0.008127 seconds 
========================================================================
Received Import Request.
  Time since last request: 0.000026 seconds.
  path: Assets/4skill.png
  artifactKey: Guid(2afbc28b7b0d8ae42ac98fa22a77c491) Importer(815301076,1909f56bfc062723c751e8b465ee728b)
Start importing Assets/4skill.png using Guid(2afbc28b7b0d8ae42ac98fa22a77c491) Importer(815301076,1909f56bfc062723c751e8b465ee728b)  -> (artifact id: 'c1bbeb73f7a0d6ee59673ffc5b878f15') in 0.007043 seconds 
========================================================================
Received Import Request.
  Time since last request: 0.000021 seconds.
  path: Assets/menu2.png
  artifactKey: Guid(91700e61ac2a607488447afa79d2d8b5) Importer(815301076,1909f56bfc062723c751e8b465ee728b)
Start importing Assets/menu2.png using Guid(91700e61ac2a607488447afa79d2d8b5) Importer(815301076,1909f56bfc062723c751e8b465ee728b)  -> (artifact id: '17b8b9151c8405818daefbc4e6ac3906') in 0.008002 seconds 
========================================================================
Received Import Request.
  Time since last request: 0.000020 seconds.
  path: Assets/potion.png
  artifactKey: Guid(bbc9e6cd9f2d73c40972e06b5a7c73f6) Importer(815301076,1909f56bfc062723c751e8b465ee728b)
Start importing Assets/potion.png using Guid(bbc9e6cd9f2d73c40972e06b5a7c73f6) Importer(815301076,1909f56bfc062723c751e8b465ee728b)  -> (artifact id: '4bedf9d6f968adbdf7152ee3b008c6c2') in 0.007826 seconds 
========================================================================
Received Import Request.
  Time since last request: 0.000017 seconds.
  path: Assets/teleport.png
  artifactKey: Guid(89b5baf603a3f824da5d961c7ed989ad) Importer(815301076,1909f56bfc062723c751e8b465ee728b)
Start importing Assets/teleport.png using Guid(89b5baf603a3f824da5d961c7ed989ad) Importer(815301076,1909f56bfc062723c751e8b465ee728b)  -> (artifact id: '0c12ce79da4163911a4b7b1a98fa2115') in 0.005536 seconds 
Editor requested this worker to shutdown with reason: Scaling down because of idle timeout
AssetImportWorker is now disconnected from the server
Process exiting
Exiting without the bug reporter. Application will terminate with return code 0